# JRE version: OpenJDK Runtime Environment (8.0_112-b06) (build 1.8.0_112-release-b06)
# Java VM: OpenJDK 64-Bit Server VM (25.112-b06 mixed mode windows-amd64 compressed oops)
Heap:
 PSYoungGen      total 201728K, used 52194K [0x00000000e0000000, 0x00000000f1f00000, 0x0000000100000000)
  eden space 176128K, 25% used [0x00000000e0000000,0x00000000e2b7eb30,0x00000000eac00000)
  from space 25600K, 29% used [0x00000000eac00000,0x00000000eb37a008,0x00000000ec500000)
  to   space 25088K, 0% used [0x00000000f0680000,0x00000000f0680000,0x00000000f1f00000)
 ParOldGen       total 134144K, used 51218K [0x00000000a0000000, 0x00000000a8300000, 0x00000000e0000000)
  object space 134144K, 38% used [0x00000000a0000000,0x00000000a3204b68,0x00000000a8300000)
 Metaspace       used 60841K, capacity 63516K, committed 63616K, reserved 1103872K
  class space    used 8188K, capacity 8788K, committed 8832K, reserved 1048576K
GC Heap History (10 events):
Event: 39.314 GC heap before
{Heap before GC invocations=14 (full 2):
 PSYoungGen      total 105472K, used 105465K [0x00000000e0000000, 0x00000000e9a00000, 0x0000000100000000)
  eden space 94208K, 100% used [0x00000000e0000000,0x00000000e5c00000,0x00000000e5c00000)
  from space 11264K, 99% used [0x00000000e5c00000,0x00000000e66fe578,0x00000000e6700000)
  to   space 12800K, 0% used [0x00000000e8d80000,0x00000000e8d80000,0x00000000e9a00000)
 ParOldGen       total 80896K, used 15718K [0x00000000a0000000, 0x00000000a4f00000, 0x00000000e0000000)
  object space 80896K, 19% used [0x00000000a0000000,0x00000000a0f59a90,0x00000000a4f00000)
 Metaspace       used 50566K, capacity 52228K, committed 52352K, reserved 1093632K
  class space    used 6831K, capacity 7231K, committed 7296K, reserved 1048576K
Event: 39.333 GC heap after
Heap after GC invocations=14 (full 2):
 PSYoungGen      total 140800K, used 12787K [0x00000000e0000000, 0x00000000e9f00000, 0x0000000100000000)
  eden space 128000K, 0% used [0x00000000e0000000,0x00000000e0000000,0x00000000e7d00000)
  from space 12800K, 99% used [0x00000000e8d80000,0x00000000e99fcc90,0x00000000e9a00000)
  to   space 16896K, 0% used [0x00000000e7d00000,0x00000000e7d00000,0x00000000e8d80000)
 ParOldGen       total 80896K, used 22781K [0x00000000a0000000, 0x00000000a4f00000, 0x00000000e0000000)
  object space 80896K, 28% used [0x00000000a0000000,0x00000000a163f410,0x00000000a4f00000)
 Metaspace       used 50566K, capacity 52228K, committed 52352K, reserved 1093632K
  class space    used 6831K, capacity 7231K, committed 7296K, reserved 1048576K
}
Event: 41.457 GC heap before
{Heap before GC invocations=15 (full 2):
 PSYoungGen      total 140800K, used 140787K [0x00000000e0000000, 0x00000000e9f00000, 0x0000000100000000)
  eden space 128000K, 100% used [0x00000000e0000000,0x00000000e7d00000,0x00000000e7d00000)
  from space 12800K, 99% used [0x00000000e8d80000,0x00000000e99fcc90,0x00000000e9a00000)
  to   space 16896K, 0% used [0x00000000e7d00000,0x00000000e7d00000,0x00000000e8d80000)
 ParOldGen       total 80896K, used 22781K [0x00000000a0000000, 0x00000000a4f00000, 0x00000000e0000000)
  object space 80896K, 28% used [0x00000000a0000000,0x00000000a163f410,0x00000000a4f00000)
 Metaspace       used 54101K, capacity 56036K, committed 56320K, reserved 1097728K
  class space    used 7419K, capacity 7879K, committed 7936K, reserved 1048576K
Event: 41.517 GC heap after
Heap after GC invocations=15 (full 2):
 PSYoungGen      total 144896K, used 16896K [0x00000000e0000000, 0x00000000edc00000, 0x0000000100000000)
  eden space 128000K, 0% used [0x00000000e0000000,0x00000000e0000000,0x00000000e7d00000)
  from space 16896K, 100% used [0x00000000e7d00000,0x00000000e8d80000,0x00000000e8d80000)
  to   space 23552K, 0% used [0x00000000ec500000,0x00000000ec500000,0x00000000edc00000)
 ParOldGen       total 80896K, used 34817K [0x00000000a0000000, 0x00000000a4f00000, 0x00000000e0000000)
  object space 80896K, 43% used [0x00000000a0000000,0x00000000a22007d8,0x00000000a4f00000)
 Metaspace       used 54101K, capacity 56036K, committed 56320K, reserved 1097728K
  class space    used 7419K, capacity 7879K, committed 7936K, reserved 1048576K
}
Event: 42.084 GC heap before
{Heap before GC invocations=16 (full 2):
 PSYoungGen      total 144896K, used 42270K [0x00000000e0000000, 0x00000000edc00000, 0x0000000100000000)
  eden space 128000K, 19% used [0x00000000e0000000,0x00000000e18c7848,0x00000000e7d00000)
  from space 16896K, 100% used [0x00000000e7d00000,0x00000000e8d80000,0x00000000e8d80000)
  to   space 23552K, 0% used [0x00000000ec500000,0x00000000ec500000,0x00000000edc00000)
 ParOldGen       total 80896K, used 34817K [0x00000000a0000000, 0x00000000a4f00000, 0x00000000e0000000)
  object space 80896K, 43% used [0x00000000a0000000,0x00000000a22007d8,0x00000000a4f00000)
 Metaspace       used 56661K, capacity 59006K, committed 59096K, reserved 1099776K
  class space    used 7726K, capacity 8269K, committed 8320K, reserved 1048576K
Event: 42.115 GC heap after
Heap after GC invocations=16 (full 2):
 PSYoungGen      total 199680K, used 20258K [0x00000000e0000000, 0x00000000ee600000, 0x0000000100000000)
  eden space 176128K, 0% used [0x00000000e0000000,0x00000000e0000000,0x00000000eac00000)
  from space 23552K, 86% used [0x00000000ec500000,0x00000000ed8c8a50,0x00000000edc00000)
  to   space 25600K, 0% used [0x00000000eac00000,0x00000000eac00000,0x00000000ec500000)
 ParOldGen       total 80896K, used 34825K [0x00000000a0000000, 0x00000000a4f00000, 0x00000000e0000000)
  object space 80896K, 43% used [0x00000000a0000000,0x00000000a22027d8,0x00000000a4f00000)
 Metaspace       used 56661K, capacity 59006K, committed 59096K, reserved 1099776K
  class space    used 7726K, capacity 8269K, committed 8320K, reserved 1048576K
}
Event: 42.115 GC heap before
{Heap before GC invocations=17 (full 3):
 PSYoungGen      total 199680K, used 20258K [0x00000000e0000000, 0x00000000ee600000, 0x0000000100000000)
  eden space 176128K, 0% used [0x00000000e0000000,0x00000000e0000000,0x00000000eac00000)
  from space 23552K, 86% used [0x00000000ec500000,0x00000000ed8c8a50,0x00000000edc00000)
  to   space 25600K, 0% used [0x00000000eac00000,0x00000000eac00000,0x00000000ec500000)
 ParOldGen       total 80896K, used 34825K [0x00000000a0000000, 0x00000000a4f00000, 0x00000000e0000000)
  object space 80896K, 43% used [0x00000000a0000000,0x00000000a22027d8,0x00000000a4f00000)
 Metaspace       used 56661K, capacity 59006K, committed 59096K, reserved 1099776K
  class space    used 7726K, capacity 8269K, committed 8320K, reserved 1048576K
Event: 42.412 GC heap after
Heap after GC invocations=17 (full 3):
 PSYoungGen      total 199680K, used 0K [0x00000000e0000000, 0x00000000ee600000, 0x0000000100000000)
  eden space 176128K, 0% used [0x00000000e0000000,0x00000000e0000000,0x00000000eac00000)
  from space 23552K, 0% used [0x00000000ec500000,0x00000000ec500000,0x00000000edc00000)
  to   space 25600K, 0% used [0x00000000eac00000,0x00000000eac00000,0x00000000ec500000)
 ParOldGen       total 134144K, used 51210K [0x00000000a0000000, 0x00000000a8300000, 0x00000000e0000000)
  object space 134144K, 38% used [0x00000000a0000000,0x00000000a3202b68,0x00000000a8300000)
 Metaspace       used 56661K, capacity 59006K, committed 59096K, reserved 1099776K
  class space    used 7726K, capacity 8269K, committed 8320K, reserved 1048576K
}
Event: 263.179 GC heap before
{Heap before GC invocations=18 (full 3):
 PSYoungGen      total 199680K, used 176128K [0x00000000e0000000, 0x00000000ee600000, 0x0000000100000000)
  eden space 176128K, 100% used [0x00000000e0000000,0x00000000eac00000,0x00000000eac00000)
  from space 23552K, 0% used [0x00000000ec500000,0x00000000ec500000,0x00000000edc00000)
  to   space 25600K, 0% used [0x00000000eac00000,0x00000000eac00000,0x00000000ec500000)
 ParOldGen       total 134144K, used 51210K [0x00000000a0000000, 0x00000000a8300000, 0x00000000e0000000)
  object space 134144K, 38% used [0x00000000a0000000,0x00000000a3202b68,0x00000000a8300000)
 Metaspace       used 60563K, capacity 63134K, committed 63360K, reserved 1103872K
  class space    used 8166K, capacity 8733K, committed 8832K, reserved 1048576K
Event: 263.196 GC heap after
Heap after GC invocations=18 (full 3):
 PSYoungGen      total 201728K, used 7656K [0x00000000e0000000, 0x00000000f1f00000, 0x0000000100000000)
  eden space 176128K, 0% used [0x00000000e0000000,0x00000000e0000000,0x00000000eac00000)
  from space 25600K, 29% used [0x00000000eac00000,0x00000000eb37a008,0x00000000ec500000)
  to   space 25088K, 0% used [0x00000000f0680000,0x00000000f0680000,0x00000000f1f00000)
 ParOldGen       total 134144K, used 51218K [0x00000000a0000000, 0x00000000a8300000, 0x00000000e0000000)
  object space 134144K, 38% used [0x00000000a0000000,0x00000000a3204b68,0x00000000a8300000)
 Metaspace       used 60563K, capacity 63134K, committed 63360K, reserved 1103872K
  class space    used 8166K, capacity 8733K, committed 8832K, reserved 1048576K
}

